2013-08-28 07:34:01 Error: Fatal Error (1): Call to a member function addFormat() on a non-object in [/vagrant/app/Controller/ProductsController.php, line 8]
2013-08-28 07:34:01 Error: [FatalErrorException] Call to a member function addFormat() on a non-object
Request URL: /
Stack Trace:
#0 /vagrant/lib/Cake/Error/ErrorHandler.php(184): ErrorHandler::handleFatalError(1, 'Call to a membe...', '/vagrant/app/Co...', 8)
#1 [internal function]: ErrorHandler::handleError(1, 'Call to a membe...', '/vagrant/app/Co...', 8, Array)
#2 /vagrant/lib/Cake/Core/App.php(931): call_user_func('ErrorHandler::h...', 1, 'Call to a membe...', '/vagrant/app/Co...', 8, Array)
#3 /vagrant/lib/Cake/Core/App.php(904): App::_checkFatalError()
#4 [internal function]: App::shutdown()
#5 {main}
2013-08-28 08:23:32 Error: [PDOException] SQLSTATE[42S22]: Column not found: 1054 Unknown column 'Brand.product_id' in 'on clause'
Request URL: /
Stack Trace:
#0 /vagrant/lib/Cake/Model/Datasource/DboSource.php(460): PDOStatement->execute(Array)
#1 /vagrant/lib/Cake/Model/Datasource/DboSource.php(426): DboSource->_execute('SELECT `Product...', Array)
#2 /vagrant/lib/Cake/Model/Datasource/DboSource.php(666): DboSource->execute('SELECT `Product...', Array, Array)
#3 /vagrant/lib/Cake/Model/Datasource/DboSource.php(1077): DboSource->fetchAll('SELECT `Product...', false)
#4 /vagrant/lib/Cake/Model/Model.php(2696): DboSource->read(Object(Product), Array)
#5 /vagrant/app/Controller/ProductsController.php(10): Model->find('all')
#6 [internal function]: ProductsController->index()
#7 /vagrant/lib/Cake/Controller/Controller.php(486): ReflectionMethod->invokeArgs(Object(ProductsController), Array)
#8 /vagrant/lib/Cake/Routing/Dispatcher.php(187): Controller->invokeAction(Object(CakeRequest))
#9 /vagrant/lib/Cake/Routing/Dispatcher.php(162): Dispatcher->_invoke(Object(ProductsController), Object(CakeRequest), Object(CakeResponse))
#10 /vagrant/app/webroot/index.php(111): Dispatcher->dispatch(Object(CakeRequest), Object(CakeResponse))
#11 {main}
2013-08-28 08:23:53 Error: [PDOException] SQLSTATE[42S22]: Column not found: 1054 Unknown column 'Brand.product_id' in 'on clause'
Request URL: /
Stack Trace:
#0 /vagrant/lib/Cake/Model/Datasource/DboSource.php(460): PDOStatement->execute(Array)
#1 /vagrant/lib/Cake/Model/Datasource/DboSource.php(426): DboSource->_execute('SELECT `Product...', Array)
#2 /vagrant/lib/Cake/Model/Datasource/DboSource.php(666): DboSource->execute('SELECT `Product...', Array, Array)
#3 /vagrant/lib/Cake/Model/Datasource/DboSource.php(1077): DboSource->fetchAll('SELECT `Product...', false)
#4 /vagrant/lib/Cake/Model/Model.php(2696): DboSource->read(Object(Product), Array)
#5 /vagrant/app/Controller/ProductsController.php(10): Model->find('all')
#6 [internal function]: ProductsController->index()
#7 /vagrant/lib/Cake/Controller/Controller.php(486): ReflectionMethod->invokeArgs(Object(ProductsController), Array)
#8 /vagrant/lib/Cake/Routing/Dispatcher.php(187): Controller->invokeAction(Object(CakeRequest))
#9 /vagrant/lib/Cake/Routing/Dispatcher.php(162): Dispatcher->_invoke(Object(ProductsController), Object(CakeRequest), Object(CakeResponse))
#10 /vagrant/app/webroot/index.php(111): Dispatcher->dispatch(Object(CakeRequest), Object(CakeResponse))
#11 {main}
2013-08-28 08:24:40 Error: Fatal Error (1): Allowed memory size of 134217728 bytes exhausted (tried to allocate 5265291 bytes) in [/vagrant/lib/Cake/Utility/String.php, line 243]
2013-08-28 08:24:40 Error: [FatalErrorException] Allowed memory size of 134217728 bytes exhausted (tried to allocate 5265291 bytes)
Request URL: /
Stack Trace:
#0 /vagrant/lib/Cake/Error/ErrorHandler.php(184): ErrorHandler::handleFatalError(1, 'Allowed memory ...', '/vagrant/lib/Ca...', 243)
#1 [internal function]: ErrorHandler::handleError(1, 'Allowed memory ...', '/vagrant/lib/Ca...', 243, Array)
#2 /vagrant/lib/Cake/Core/App.php(931): call_user_func('ErrorHandler::h...', 1, 'Allowed memory ...', '/vagrant/lib/Ca...', 243, Array)
#3 /vagrant/lib/Cake/Core/App.php(904): App::_checkFatalError()
#4 [internal function]: App::shutdown()
#5 {main}
2013-08-28 08:24:53 Error: Fatal Error (1): Allowed memory size of 134217728 bytes exhausted (tried to allocate 5265291 bytes) in [/vagrant/lib/Cake/Utility/String.php, line 243]
2013-08-28 08:24:53 Error: [FatalErrorException] Allowed memory size of 134217728 bytes exhausted (tried to allocate 5265291 bytes)
Request URL: /
Stack Trace:
#0 /vagrant/lib/Cake/Error/ErrorHandler.php(184): ErrorHandler::handleFatalError(1, 'Allowed memory ...', '/vagrant/lib/Ca...', 243)
#1 [internal function]: ErrorHandler::handleError(1, 'Allowed memory ...', '/vagrant/lib/Ca...', 243, Array)
#2 /vagrant/lib/Cake/Core/App.php(931): call_user_func('ErrorHandler::h...', 1, 'Allowed memory ...', '/vagrant/lib/Ca...', 243, Array)
#3 /vagrant/lib/Cake/Core/App.php(904): App::_checkFatalError()
#4 [internal function]: App::shutdown()
#5 {main}
2013-08-28 08:25:11 Error: Fatal Error (1): Allowed memory size of 134217728 bytes exhausted (tried to allocate 4715480 bytes) in [/vagrant/lib/Cake/Utility/String.php, line 243]
2013-08-28 08:25:11 Error: [FatalErrorException] Allowed memory size of 134217728 bytes exhausted (tried to allocate 4715480 bytes)
Request URL: /
Stack Trace:
#0 /vagrant/lib/Cake/Error/ErrorHandler.php(184): ErrorHandler::handleFatalError(1, 'Allowed memory ...', '/vagrant/lib/Ca...', 243)
#1 [internal function]: ErrorHandler::handleError(1, 'Allowed memory ...', '/vagrant/lib/Ca...', 243, Array)
#2 /vagrant/lib/Cake/Core/App.php(931): call_user_func('ErrorHandler::h...', 1, 'Allowed memory ...', '/vagrant/lib/Ca...', 243, Array)
#3 /vagrant/lib/Cake/Core/App.php(904): App::_checkFatalError()
#4 [internal function]: App::shutdown()
#5 {main}
2013-08-28 08:25:29 Error: Fatal Error (1): Allowed memory size of 134217728 bytes exhausted (tried to allocate 4715731 bytes) in [/vagrant/lib/Cake/Utility/String.php, line 243]
2013-08-28 08:25:29 Error: [FatalErrorException] Allowed memory size of 134217728 bytes exhausted (tried to allocate 4715731 bytes)
Request URL: /
Stack Trace:
#0 /vagrant/lib/Cake/Error/ErrorHandler.php(184): ErrorHandler::handleFatalError(1, 'Allowed memory ...', '/vagrant/lib/Ca...', 243)
#1 [internal function]: ErrorHandler::handleError(1, 'Allowed memory ...', '/vagrant/lib/Ca...', 243, Array)
#2 /vagrant/lib/Cake/Core/App.php(931): call_user_func('ErrorHandler::h...', 1, 'Allowed memory ...', '/vagrant/lib/Ca...', 243, Array)
#3 /vagrant/lib/Cake/Core/App.php(904): App::_checkFatalError()
#4 [internal function]: App::shutdown()
#5 {main}
2013-08-28 08:25:41 Error: Fatal Error (1): Allowed memory size of 134217728 bytes exhausted (tried to allocate 4715731 bytes) in [/vagrant/lib/Cake/Utility/String.php, line 243]
2013-08-28 08:25:41 Error: [FatalErrorException] Allowed memory size of 134217728 bytes exhausted (tried to allocate 4715731 bytes)
Request URL: /
Stack Trace:
#0 /vagrant/lib/Cake/Error/ErrorHandler.php(184): ErrorHandler::handleFatalError(1, 'Allowed memory ...', '/vagrant/lib/Ca...', 243)
#1 [internal function]: ErrorHandler::handleError(1, 'Allowed memory ...', '/vagrant/lib/Ca...', 243, Array)
#2 /vagrant/lib/Cake/Core/App.php(931): call_user_func('ErrorHandler::h...', 1, 'Allowed memory ...', '/vagrant/lib/Ca...', 243, Array)
#3 /vagrant/lib/Cake/Core/App.php(904): App::_checkFatalError()
#4 [internal function]: App::shutdown()
#5 {main}
2013-08-28 08:29:54 Error: [PDOException] SQLSTATE[42S22]: Column not found: 1054 Unknown column 'Brand.product_id' in 'on clause'
Request URL: /
Stack Trace:
#0 /vagrant/lib/Cake/Model/Datasource/DboSource.php(460): PDOStatement->execute(Array)
#1 /vagrant/lib/Cake/Model/Datasource/DboSource.php(426): DboSource->_execute('SELECT `Product...', Array)
#2 /vagrant/lib/Cake/Model/Datasource/DboSource.php(666): DboSource->execute('SELECT `Product...', Array, Array)
#3 /vagrant/lib/Cake/Model/Datasource/DboSource.php(1077): DboSource->fetchAll('SELECT `Product...', false)
#4 /vagrant/lib/Cake/Model/Model.php(2696): DboSource->read(Object(Product), Array)
#5 /vagrant/app/Controller/ProductsController.php(10): Model->find('all')
#6 [internal function]: ProductsController->index()
#7 /vagrant/lib/Cake/Controller/Controller.php(486): ReflectionMethod->invokeArgs(Object(ProductsController), Array)
#8 /vagrant/lib/Cake/Routing/Dispatcher.php(187): Controller->invokeAction(Object(CakeRequest))
#9 /vagrant/lib/Cake/Routing/Dispatcher.php(162): Dispatcher->_invoke(Object(ProductsController), Object(CakeRequest), Object(CakeResponse))
#10 /vagrant/app/webroot/index.php(111): Dispatcher->dispatch(Object(CakeRequest), Object(CakeResponse))
#11 {main}
2013-08-28 08:31:43 Error: Fatal Error (64): Cannot redeclare Product::$belongsTo in [/vagrant/app/Model/Product.php, line 5]
2013-08-28 08:31:43 Error: [FatalErrorException] Cannot redeclare Product::$belongsTo
Request URL: /
Stack Trace:
#0 /vagrant/lib/Cake/Error/ErrorHandler.php(184): ErrorHandler::handleFatalError(64, 'Cannot redeclar...', '/vagrant/app/Mo...', 5)
#1 [internal function]: ErrorHandler::handleError(64, 'Cannot redeclar...', '/vagrant/app/Mo...', 5, Array)
#2 /vagrant/lib/Cake/Core/App.php(931): call_user_func('ErrorHandler::h...', 64, 'Cannot redeclar...', '/vagrant/app/Mo...', 5, Array)
#3 /vagrant/lib/Cake/Core/App.php(904): App::_checkFatalError()
#4 [internal function]: App::shutdown()
#5 {main}
2013-08-28 08:32:06 Error: Fatal Error (64): Cannot redeclare Product::$belongsTo in [/vagrant/app/Model/Product.php, line 5]
2013-08-28 08:32:06 Error: [FatalErrorException] Cannot redeclare Product::$belongsTo
Request URL: /
Stack Trace:
#0 /vagrant/lib/Cake/Error/ErrorHandler.php(184): ErrorHandler::handleFatalError(64, 'Cannot redeclar...', '/vagrant/app/Mo...', 5)
#1 [internal function]: ErrorHandler::handleError(64, 'Cannot redeclar...', '/vagrant/app/Mo...', 5, Array)
#2 /vagrant/lib/Cake/Core/App.php(931): call_user_func('ErrorHandler::h...', 64, 'Cannot redeclar...', '/vagrant/app/Mo...', 5, Array)
#3 /vagrant/lib/Cake/Core/App.php(904): App::_checkFatalError()
#4 [internal function]: App::shutdown()
#5 {main}
2013-08-28 08:32:09 Error: Fatal Error (64): Cannot redeclare Product::$belongsTo in [/vagrant/app/Model/Product.php, line 5]
2013-08-28 08:32:09 Error: [FatalErrorException] Cannot redeclare Product::$belongsTo
Request URL: /
Stack Trace:
#0 /vagrant/lib/Cake/Error/ErrorHandler.php(184): ErrorHandler::handleFatalError(64, 'Cannot redeclar...', '/vagrant/app/Mo...', 5)
#1 [internal function]: ErrorHandler::handleError(64, 'Cannot redeclar...', '/vagrant/app/Mo...', 5, Array)
#2 /vagrant/lib/Cake/Core/App.php(931): call_user_func('ErrorHandler::h...', 64, 'Cannot redeclar...', '/vagrant/app/Mo...', 5, Array)
#3 /vagrant/lib/Cake/Core/App.php(904): App::_checkFatalError()
#4 [internal function]: App::shutdown()
#5 {main}
2013-08-28 08:50:08 Error: [NotFoundException] This item does not exist
Request URL: /products/detail/dvldfnv
Stack Trace:
#0 [internal function]: ProductsController->detail('dvldfnv')
#1 /vagrant/lib/Cake/Controller/Controller.php(486): ReflectionMethod->invokeArgs(Object(ProductsController), Array)
#2 /vagrant/lib/Cake/Routing/Dispatcher.php(187): Controller->invokeAction(Object(CakeRequest))
#3 /vagrant/lib/Cake/Routing/Dispatcher.php(162): Dispatcher->_invoke(Object(ProductsController), Object(CakeRequest), Object(CakeResponse))
#4 /vagrant/app/webroot/index.php(111): Dispatcher->dispatch(Object(CakeRequest), Object(CakeResponse))
#5 {main}
2013-08-28 09:23:39 Error: [NotFoundException] This item does not exist
Request URL: /products/detail/css/bootstrap.min.css
Stack Trace:
#0 [internal function]: ProductsController->detail('css', 'bootstrap.min.c...')
#1 /vagrant/lib/Cake/Controller/Controller.php(486): ReflectionMethod->invokeArgs(Object(ProductsController), Array)
#2 /vagrant/lib/Cake/Routing/Dispatcher.php(187): Controller->invokeAction(Object(CakeRequest))
#3 /vagrant/lib/Cake/Routing/Dispatcher.php(162): Dispatcher->_invoke(Object(ProductsController), Object(CakeRequest), Object(CakeResponse))
#4 /vagrant/app/webroot/index.php(111): Dispatcher->dispatch(Object(CakeRequest), Object(CakeResponse))
#5 {main}
2013-08-28 09:23:39 Error: [NotFoundException] This item does not exist
Request URL: /products/detail/js/bootstrap.min.js
Stack Trace:
#0 [internal function]: ProductsController->detail('js', 'bootstrap.min.j...')
#1 /vagrant/lib/Cake/Controller/Controller.php(486): ReflectionMethod->invokeArgs(Object(ProductsController), Array)
#2 /vagrant/lib/Cake/Routing/Dispatcher.php(187): Controller->invokeAction(Object(CakeRequest))
#3 /vagrant/lib/Cake/Routing/Dispatcher.php(162): Dispatcher->_invoke(Object(ProductsController), Object(CakeRequest), Object(CakeResponse))
#4 /vagrant/app/webroot/index.php(111): Dispatcher->dispatch(Object(CakeRequest), Object(CakeResponse))
#5 {main}
2013-08-28 09:24:24 Error: [NotFoundException] This item does not exist
Request URL: /products/detail/css/bootstrap.min.css
Stack Trace:
#0 [internal function]: ProductsController->detail('css', 'bootstrap.min.c...')
#1 /vagrant/lib/Cake/Controller/Controller.php(486): ReflectionMethod->invokeArgs(Object(ProductsController), Array)
#2 /vagrant/lib/Cake/Routing/Dispatcher.php(187): Controller->invokeAction(Object(CakeRequest))
#3 /vagrant/lib/Cake/Routing/Dispatcher.php(162): Dispatcher->_invoke(Object(ProductsController), Object(CakeRequest), Object(CakeResponse))
#4 /vagrant/app/webroot/index.php(111): Dispatcher->dispatch(Object(CakeRequest), Object(CakeResponse))
#5 {main}
2013-08-28 09:24:24 Error: [NotFoundException] This item does not exist
Request URL: /products/detail/js/bootstrap.min.js
Stack Trace:
#0 [internal function]: ProductsController->detail('js', 'bootstrap.min.j...')
#1 /vagrant/lib/Cake/Controller/Controller.php(486): ReflectionMethod->invokeArgs(Object(ProductsController), Array)
#2 /vagrant/lib/Cake/Routing/Dispatcher.php(187): Controller->invokeAction(Object(CakeRequest))
#3 /vagrant/lib/Cake/Routing/Dispatcher.php(162): Dispatcher->_invoke(Object(ProductsController), Object(CakeRequest), Object(CakeResponse))
#4 /vagrant/app/webroot/index.php(111): Dispatcher->dispatch(Object(CakeRequest), Object(CakeResponse))
#5 {main}
2013-08-28 09:26:04 Error: [MissingControllerException] Controller class DistController could not be found.
Exception Attributes: array (
  'class' => 'DistController',
  'plugin' => NULL,
)
Request URL: /dist/js/bootstrap.min.js
Stack Trace:
#0 /vagrant/app/webroot/index.php(111): Dispatcher->dispatch(Object(CakeRequest), Object(CakeResponse))
#1 {main}
2013-08-28 09:26:04 Error: [MissingControllerException] Controller class AssetsController could not be found.
Exception Attributes: array (
  'class' => 'AssetsController',
  'plugin' => NULL,
)
Request URL: /assets/js/jquery.js
Stack Trace:
#0 /vagrant/app/webroot/index.php(111): Dispatcher->dispatch(Object(CakeRequest), Object(CakeResponse))
#1 {main}
2013-08-28 09:26:04 Error: [NotFoundException] This item does not exist
Request URL: /products/detail/starter-template.css
Stack Trace:
#0 [internal function]: ProductsController->detail('starter-templat...')
#1 /vagrant/lib/Cake/Controller/Controller.php(486): ReflectionMethod->invokeArgs(Object(ProductsController), Array)
#2 /vagrant/lib/Cake/Routing/Dispatcher.php(187): Controller->invokeAction(Object(CakeRequest))
#3 /vagrant/lib/Cake/Routing/Dispatcher.php(162): Dispatcher->_invoke(Object(ProductsController), Object(CakeRequest), Object(CakeResponse))
#4 /vagrant/app/webroot/index.php(111): Dispatcher->dispatch(Object(CakeRequest), Object(CakeResponse))
#5 {main}
2013-08-28 09:26:04 Error: [MissingControllerException] Controller class DistController could not be found.
Exception Attributes: array (
  'class' => 'DistController',
  'plugin' => NULL,
)
Request URL: /dist/css/bootstrap.css
Stack Trace:
#0 /vagrant/app/webroot/index.php(111): Dispatcher->dispatch(Object(CakeRequest), Object(CakeResponse))
#1 {main}
2013-08-28 09:26:22 Error: [MissingControllerException] Controller class AssetsController could not be found.
Exception Attributes: array (
  'class' => 'AssetsController',
  'plugin' => NULL,
)
Request URL: /assets/js/jquery.js
Stack Trace:
#0 /vagrant/app/webroot/index.php(111): Dispatcher->dispatch(Object(CakeRequest), Object(CakeResponse))
#1 {main}
2013-08-28 09:26:22 Error: [MissingControllerException] Controller class DistController could not be found.
Exception Attributes: array (
  'class' => 'DistController',
  'plugin' => NULL,
)
Request URL: /dist/css/bootstrap.css
Stack Trace:
#0 /vagrant/app/webroot/index.php(111): Dispatcher->dispatch(Object(CakeRequest), Object(CakeResponse))
#1 {main}
2013-08-28 09:26:22 Error: [MissingControllerException] Controller class DistController could not be found.
Exception Attributes: array (
  'class' => 'DistController',
  'plugin' => NULL,
)
Request URL: /dist/js/bootstrap.min.js
Stack Trace:
#0 /vagrant/app/webroot/index.php(111): Dispatcher->dispatch(Object(CakeRequest), Object(CakeResponse))
#1 {main}
2013-08-28 09:26:23 Error: [NotFoundException] This item does not exist
Request URL: /products/detail/starter-template.css
Stack Trace:
#0 [internal function]: ProductsController->detail('starter-templat...')
#1 /vagrant/lib/Cake/Controller/Controller.php(486): ReflectionMethod->invokeArgs(Object(ProductsController), Array)
#2 /vagrant/lib/Cake/Routing/Dispatcher.php(187): Controller->invokeAction(Object(CakeRequest))
#3 /vagrant/lib/Cake/Routing/Dispatcher.php(162): Dispatcher->_invoke(Object(ProductsController), Object(CakeRequest), Object(CakeResponse))
#4 /vagrant/app/webroot/index.php(111): Dispatcher->dispatch(Object(CakeRequest), Object(CakeResponse))
#5 {main}
2013-08-28 09:26:30 Error: [MissingControllerException] Controller class AssetsController could not be found.
Exception Attributes: array (
  'class' => 'AssetsController',
  'plugin' => NULL,
)
Request URL: /assets/js/jquery.js
Stack Trace:
#0 /vagrant/app/webroot/index.php(111): Dispatcher->dispatch(Object(CakeRequest), Object(CakeResponse))
#1 {main}
2013-08-28 09:26:30 Error: [MissingControllerException] Controller class DistController could not be found.
Exception Attributes: array (
  'class' => 'DistController',
  'plugin' => NULL,
)
Request URL: /dist/js/bootstrap.min.js
Stack Trace:
#0 /vagrant/app/webroot/index.php(111): Dispatcher->dispatch(Object(CakeRequest), Object(CakeResponse))
#1 {main}
2013-08-28 09:26:30 Error: [MissingControllerException] Controller class DistController could not be found.
Exception Attributes: array (
  'class' => 'DistController',
  'plugin' => NULL,
)
Request URL: /dist/css/bootstrap.css
Stack Trace:
#0 /vagrant/app/webroot/index.php(111): Dispatcher->dispatch(Object(CakeRequest), Object(CakeResponse))
#1 {main}
2013-08-28 09:26:30 Error: [NotFoundException] This item does not exist
Request URL: /products/detail/starter-template.css
Stack Trace:
#0 [internal function]: ProductsController->detail('starter-templat...')
#1 /vagrant/lib/Cake/Controller/Controller.php(486): ReflectionMethod->invokeArgs(Object(ProductsController), Array)
#2 /vagrant/lib/Cake/Routing/Dispatcher.php(187): Controller->invokeAction(Object(CakeRequest))
#3 /vagrant/lib/Cake/Routing/Dispatcher.php(162): Dispatcher->_invoke(Object(ProductsController), Object(CakeRequest), Object(CakeResponse))
#4 /vagrant/app/webroot/index.php(111): Dispatcher->dispatch(Object(CakeRequest), Object(CakeResponse))
#5 {main}
2013-08-28 09:27:42 Error: [MissingControllerException] Controller class DistController could not be found.
Exception Attributes: array (
  'class' => 'DistController',
  'plugin' => NULL,
)
Request URL: /dist/css/bootstrap.css
Stack Trace:
#0 /vagrant/app/webroot/index.php(111): Dispatcher->dispatch(Object(CakeRequest), Object(CakeResponse))
#1 {main}
2013-08-28 09:27:42 Error: [MissingControllerException] Controller class DistController could not be found.
Exception Attributes: array (
  'class' => 'DistController',
  'plugin' => NULL,
)
Request URL: /dist/js/bootstrap.min.js
Stack Trace:
#0 /vagrant/app/webroot/index.php(111): Dispatcher->dispatch(Object(CakeRequest), Object(CakeResponse))
#1 {main}
2013-08-28 09:27:42 Error: [MissingControllerException] Controller class AssetsController could not be found.
Exception Attributes: array (
  'class' => 'AssetsController',
  'plugin' => NULL,
)
Request URL: /assets/js/jquery.js
Stack Trace:
#0 /vagrant/app/webroot/index.php(111): Dispatcher->dispatch(Object(CakeRequest), Object(CakeResponse))
#1 {main}
2013-08-28 09:27:43 Error: [NotFoundException] This item does not exist
Request URL: /products/detail/starter-template.css
Stack Trace:
#0 [internal function]: ProductsController->detail('starter-templat...')
#1 /vagrant/lib/Cake/Controller/Controller.php(486): ReflectionMethod->invokeArgs(Object(ProductsController), Array)
#2 /vagrant/lib/Cake/Routing/Dispatcher.php(187): Controller->invokeAction(Object(CakeRequest))
#3 /vagrant/lib/Cake/Routing/Dispatcher.php(162): Dispatcher->_invoke(Object(ProductsController), Object(CakeRequest), Object(CakeResponse))
#4 /vagrant/app/webroot/index.php(111): Dispatcher->dispatch(Object(CakeRequest), Object(CakeResponse))
#5 {main}
2013-08-28 09:28:24 Error: [MissingControllerException] Controller class AssetsController could not be found.
Exception Attributes: array (
  'class' => 'AssetsController',
  'plugin' => NULL,
)
Request URL: /assets/js/jquery.js
Stack Trace:
#0 /vagrant/app/webroot/index.php(111): Dispatcher->dispatch(Object(CakeRequest), Object(CakeResponse))
#1 {main}
2013-08-28 09:28:24 Error: [MissingControllerException] Controller class DistController could not be found.
Exception Attributes: array (
  'class' => 'DistController',
  'plugin' => NULL,
)
Request URL: /dist/css/bootstrap.css
Stack Trace:
#0 /vagrant/app/webroot/index.php(111): Dispatcher->dispatch(Object(CakeRequest), Object(CakeResponse))
#1 {main}
2013-08-28 09:28:24 Error: [NotFoundException] This item does not exist
Request URL: /products/detail/starter-template.css
Stack Trace:
#0 [internal function]: ProductsController->detail('starter-templat...')
#1 /vagrant/lib/Cake/Controller/Controller.php(486): ReflectionMethod->invokeArgs(Object(ProductsController), Array)
#2 /vagrant/lib/Cake/Routing/Dispatcher.php(187): Controller->invokeAction(Object(CakeRequest))
#3 /vagrant/lib/Cake/Routing/Dispatcher.php(162): Dispatcher->_invoke(Object(ProductsController), Object(CakeRequest), Object(CakeResponse))
#4 /vagrant/app/webroot/index.php(111): Dispatcher->dispatch(Object(CakeRequest), Object(CakeResponse))
#5 {main}
2013-08-28 09:28:24 Error: [MissingControllerException] Controller class DistController could not be found.
Exception Attributes: array (
  'class' => 'DistController',
  'plugin' => NULL,
)
Request URL: /dist/js/bootstrap.min.js
Stack Trace:
#0 /vagrant/app/webroot/index.php(111): Dispatcher->dispatch(Object(CakeRequest), Object(CakeResponse))
#1 {main}
2013-08-28 09:29:51 Error: [MissingControllerException] Controller class AssetsController could not be found.
Exception Attributes: array (
  'class' => 'AssetsController',
  'plugin' => NULL,
)
Request URL: /assets/js/jquery.js
Stack Trace:
#0 /vagrant/app/webroot/index.php(111): Dispatcher->dispatch(Object(CakeRequest), Object(CakeResponse))
#1 {main}
2013-08-28 09:29:51 Error: [MissingControllerException] Controller class DistController could not be found.
Exception Attributes: array (
  'class' => 'DistController',
  'plugin' => NULL,
)
Request URL: /dist/css/bootstrap.css
Stack Trace:
#0 /vagrant/app/webroot/index.php(111): Dispatcher->dispatch(Object(CakeRequest), Object(CakeResponse))
#1 {main}
2013-08-28 09:29:51 Error: [MissingControllerException] Controller class DistController could not be found.
Exception Attributes: array (
  'class' => 'DistController',
  'plugin' => NULL,
)
Request URL: /dist/js/bootstrap.min.js
Stack Trace:
#0 /vagrant/app/webroot/index.php(111): Dispatcher->dispatch(Object(CakeRequest), Object(CakeResponse))
#1 {main}
2013-08-28 09:29:51 Error: [NotFoundException] This item does not exist
Request URL: /products/detail/jumbotron.css
Stack Trace:
#0 [internal function]: ProductsController->detail('jumbotron.css')
#1 /vagrant/lib/Cake/Controller/Controller.php(486): ReflectionMethod->invokeArgs(Object(ProductsController), Array)
#2 /vagrant/lib/Cake/Routing/Dispatcher.php(187): Controller->invokeAction(Object(CakeRequest))
#3 /vagrant/lib/Cake/Routing/Dispatcher.php(162): Dispatcher->_invoke(Object(ProductsController), Object(CakeRequest), Object(CakeResponse))
#4 /vagrant/app/webroot/index.php(111): Dispatcher->dispatch(Object(CakeRequest), Object(CakeResponse))
#5 {main}
2013-08-29 01:27:26 Error: [MissingControllerException] Controller class Twitter-bootstrapController could not be found.
Exception Attributes: array (
  'class' => 'Twitter-bootstrapController',
  'plugin' => NULL,
)
Request URL: /twitter-bootstrap/twitter-bootstrap-v2/docs/assets/css/bootstrap.css
Stack Trace:
#0 /vagrant/app/webroot/index.php(111): Dispatcher->dispatch(Object(CakeRequest), Object(CakeResponse))
#1 {main}
2013-08-29 02:47:36 Error: [NotFoundException] Not Found
Request URL: /products/index/page:2000
Stack Trace:
#0 /vagrant/app/Controller/ProductsController.php(13): PaginatorComponent->paginate('Product')
#1 [internal function]: ProductsController->index()
#2 /vagrant/lib/Cake/Controller/Controller.php(486): ReflectionMethod->invokeArgs(Object(ProductsController), Array)
#3 /vagrant/lib/Cake/Routing/Dispatcher.php(187): Controller->invokeAction(Object(CakeRequest))
#4 /vagrant/lib/Cake/Routing/Dispatcher.php(162): Dispatcher->_invoke(Object(ProductsController), Object(CakeRequest), Object(CakeResponse))
#5 /vagrant/app/webroot/index.php(111): Dispatcher->dispatch(Object(CakeRequest), Object(CakeResponse))
#6 {main}
